runid                 	all	Exp
num_q                 	all	1
num_ret               	all	100
num_rel               	all	86
num_rel_ret           	all	41
map                   	all	0.1634
gm_map                	all	0.1634
Rprec                 	all	0.4070
bpref                 	all	0.2854
recip_rank            	all	0.1111
iprec_at_recall_0.00  	all	0.4141
iprec_at_recall_0.10  	all	0.4141
iprec_at_recall_0.20  	all	0.4141
iprec_at_recall_0.30  	all	0.4141
iprec_at_recall_0.40  	all	0.4141
iprec_at_recall_0.50  	all	0.0000
iprec_at_recall_0.60  	all	0.0000
iprec_at_recall_0.70  	all	0.0000
iprec_at_recall_0.80  	all	0.0000
iprec_at_recall_0.90  	all	0.0000
iprec_at_recall_1.00  	all	0.0000
P_5                   	all	0.0000
P_10                  	all	0.2000
P_15                  	all	0.2000
P_20                  	all	0.2500
P_30                  	all	0.3000
P_100                 	all	0.4100
P_200                 	all	0.2050
P_500                 	all	0.0820
P_1000                	all	0.0410
recall_5              	all	0.0000
recall_10             	all	0.0233
recall_15             	all	0.0349
recall_20             	all	0.0581
recall_30             	all	0.1047
recall_100            	all	0.4767
recall_200            	all	0.4767
recall_500            	all	0.4767
recall_1000           	all	0.4767
infAP                 	all	0.1634
gm_bpref              	all	0.2854
Rprec_mult_0.20       	all	0.2222
Rprec_mult_0.40       	all	0.2857
Rprec_mult_0.60       	all	0.3654
Rprec_mult_0.80       	all	0.3913
Rprec_mult_1.00       	all	0.4070
Rprec_mult_1.20       	all	0.3942
Rprec_mult_1.40       	all	0.3388
Rprec_mult_1.60       	all	0.2971
Rprec_mult_1.80       	all	0.2645
Rprec_mult_2.00       	all	0.2384
utility               	all	-18.0000
11pt_avg              	all	0.1882
binG                  	all	0.0958
G                     	all	0.0864
ndcg                  	all	0.3970
ndcg_rel              	all	0.3373
Rndcg                 	all	0.3310
ndcg_cut_5            	all	0.0000
ndcg_cut_10           	all	0.1299
ndcg_cut_15           	all	0.1433
ndcg_cut_20           	all	0.1863
ndcg_cut_30           	all	0.2348
ndcg_cut_100          	all	0.3970
ndcg_cut_200          	all	0.3970
ndcg_cut_500          	all	0.3970
ndcg_cut_1000         	all	0.3970
map_cut_5             	all	0.0000
map_cut_10            	all	0.0036
map_cut_15            	all	0.0059
map_cut_20            	all	0.0117
map_cut_30            	all	0.0250
map_cut_100           	all	0.1634
map_cut_200           	all	0.1634
map_cut_500           	all	0.1634
map_cut_1000          	all	0.1634
relative_P_5          	all	0.0000
relative_P_10         	all	0.2000
relative_P_15         	all	0.2000
relative_P_20         	all	0.2500
relative_P_30         	all	0.3000
relative_P_100        	all	0.4767
relative_P_200        	all	0.4767
relative_P_500        	all	0.4767
relative_P_1000       	all	0.4767
success_1             	all	0.0000
success_5             	all	0.0000
success_10            	all	1.0000
set_P                 	all	0.4100
set_relative_P        	all	0.4767
set_recall            	all	0.4767
set_map               	all	0.1955
set_F                 	all	0.4409
num_nonrel_judged_ret 	all	57
