runid                 	all	Exp
num_q                 	all	1
num_ret               	all	100
num_rel               	all	163
num_rel_ret           	all	34
map                   	all	0.0902
gm_map                	all	0.0902
Rprec                 	all	0.2086
bpref                 	all	0.1676
recip_rank            	all	1.0000
iprec_at_recall_0.00  	all	1.0000
iprec_at_recall_0.10  	all	0.3516
iprec_at_recall_0.20  	all	0.3434
iprec_at_recall_0.30  	all	0.0000
iprec_at_recall_0.40  	all	0.0000
iprec_at_recall_0.50  	all	0.0000
iprec_at_recall_0.60  	all	0.0000
iprec_at_recall_0.70  	all	0.0000
iprec_at_recall_0.80  	all	0.0000
iprec_at_recall_0.90  	all	0.0000
iprec_at_recall_1.00  	all	0.0000
P_5                   	all	0.8000
P_10                  	all	0.5000
P_15                  	all	0.5333
P_20                  	all	0.4500
P_30                  	all	0.3667
P_100                 	all	0.3400
P_200                 	all	0.1700
P_500                 	all	0.0680
P_1000                	all	0.0340
recall_5              	all	0.0245
recall_10             	all	0.0307
recall_15             	all	0.0491
recall_20             	all	0.0552
recall_30             	all	0.0675
recall_100            	all	0.2086
recall_200            	all	0.2086
recall_500            	all	0.2086
recall_1000           	all	0.2086
infAP                 	all	0.0902
gm_bpref              	all	0.1676
Rprec_mult_0.20       	all	0.3636
Rprec_mult_0.40       	all	0.3030
Rprec_mult_0.60       	all	0.3367
Rprec_mult_0.80       	all	0.2595
Rprec_mult_1.00       	all	0.2086
Rprec_mult_1.20       	all	0.1735
Rprec_mult_1.40       	all	0.1485
Rprec_mult_1.60       	all	0.1303
Rprec_mult_1.80       	all	0.1156
Rprec_mult_2.00       	all	0.1043
utility               	all	-32.0000
11pt_avg              	all	0.1541
binG                  	all	0.0578
G                     	all	0.0424
ndcg                  	all	0.2315
ndcg_rel              	all	0.2466
Rndcg                 	all	0.2559
ndcg_cut_5            	all	0.3930
ndcg_cut_10           	all	0.2917
ndcg_cut_15           	all	0.2942
ndcg_cut_20           	all	0.2708
ndcg_cut_30           	all	0.2606
ndcg_cut_100          	all	0.3068
ndcg_cut_200          	all	0.2315
ndcg_cut_500          	all	0.2315
ndcg_cut_1000         	all	0.2315
map_cut_5             	all	0.0197
map_cut_10            	all	0.0241
map_cut_15            	all	0.0343
map_cut_20            	all	0.0375
map_cut_30            	all	0.0422
map_cut_100           	all	0.0902
map_cut_200           	all	0.0902
map_cut_500           	all	0.0902
map_cut_1000          	all	0.0902
relative_P_5          	all	0.8000
relative_P_10         	all	0.5000
relative_P_15         	all	0.5333
relative_P_20         	all	0.4500
relative_P_30         	all	0.3667
relative_P_100        	all	0.3400
relative_P_200        	all	0.2086
relative_P_500        	all	0.2086
relative_P_1000       	all	0.2086
success_1             	all	1.0000
success_5             	all	1.0000
success_10            	all	1.0000
set_P                 	all	0.3400
set_relative_P        	all	0.3400
set_recall            	all	0.2086
set_map               	all	0.0709
set_F                 	all	0.2586
num_nonrel_judged_ret 	all	65
