runid                 	all	Exp
num_q                 	all	1
num_ret               	all	100
num_rel               	all	37
num_rel_ret           	all	17
map                   	all	0.0713
gm_map                	all	0.0713
Rprec                 	all	0.1622
bpref                 	all	0.0928
recip_rank            	all	0.1000
iprec_at_recall_0.00  	all	0.2000
iprec_at_recall_0.10  	all	0.1852
iprec_at_recall_0.20  	all	0.1839
iprec_at_recall_0.30  	all	0.1839
iprec_at_recall_0.40  	all	0.1839
iprec_at_recall_0.50  	all	0.0000
iprec_at_recall_0.60  	all	0.0000
iprec_at_recall_0.70  	all	0.0000
iprec_at_recall_0.80  	all	0.0000
iprec_at_recall_0.90  	all	0.0000
iprec_at_recall_1.00  	all	0.0000
P_5                   	all	0.0000
P_10                  	all	0.1000
P_15                  	all	0.2000
P_20                  	all	0.1500
P_30                  	all	0.1667
P_100                 	all	0.1700
P_200                 	all	0.0850
P_500                 	all	0.0340
P_1000                	all	0.0170
recall_5              	all	0.0000
recall_10             	all	0.0270
recall_15             	all	0.0811
recall_20             	all	0.0811
recall_30             	all	0.1351
recall_100            	all	0.4595
recall_200            	all	0.4595
recall_500            	all	0.4595
recall_1000           	all	0.4595
infAP                 	all	0.0713
gm_bpref              	all	0.0928
Rprec_mult_0.20       	all	0.0000
Rprec_mult_0.40       	all	0.2000
Rprec_mult_0.60       	all	0.1304
Rprec_mult_0.80       	all	0.1667
Rprec_mult_1.00       	all	0.1622
Rprec_mult_1.20       	all	0.1333
Rprec_mult_1.40       	all	0.1346
Rprec_mult_1.60       	all	0.1333
Rprec_mult_1.80       	all	0.1194
Rprec_mult_2.00       	all	0.1081
utility               	all	-66.0000
11pt_avg              	all	0.0852
binG                  	all	0.0888
G                     	all	0.0837
ndcg                  	all	0.2641
ndcg_rel              	all	0.2218
Rndcg                 	all	0.1315
ndcg_cut_5            	all	0.0000
ndcg_cut_10           	all	0.0407
ndcg_cut_15           	all	0.1302
ndcg_cut_20           	all	0.1142
ndcg_cut_30           	all	0.1293
ndcg_cut_100          	all	0.2641
ndcg_cut_200          	all	0.2641
ndcg_cut_500          	all	0.2641
ndcg_cut_1000         	all	0.2641
map_cut_5             	all	0.0000
map_cut_10            	all	0.0027
map_cut_15            	all	0.0130
map_cut_20            	all	0.0130
map_cut_30            	all	0.0222
map_cut_100           	all	0.0713
map_cut_200           	all	0.0713
map_cut_500           	all	0.0713
map_cut_1000          	all	0.0713
relative_P_5          	all	0.0000
relative_P_10         	all	0.1000
relative_P_15         	all	0.2000
relative_P_20         	all	0.1500
relative_P_30         	all	0.1667
relative_P_100        	all	0.4595
relative_P_200        	all	0.4595
relative_P_500        	all	0.4595
relative_P_1000       	all	0.4595
success_1             	all	0.0000
success_5             	all	0.0000
success_10            	all	1.0000
set_P                 	all	0.1700
set_relative_P        	all	0.4595
set_recall            	all	0.4595
set_map               	all	0.0781
set_F                 	all	0.2482
num_nonrel_judged_ret 	all	74
