runid                 	all	Exp
num_q                 	all	1
num_ret               	all	100
num_rel               	all	37
num_rel_ret           	all	14
map                   	all	0.1044
gm_map                	all	0.1044
Rprec                 	all	0.2162
bpref                 	all	0.1402
recip_rank            	all	1.0000
iprec_at_recall_0.00  	all	1.0000
iprec_at_recall_0.10  	all	0.3043
iprec_at_recall_0.20  	all	0.2308
iprec_at_recall_0.30  	all	0.2069
iprec_at_recall_0.40  	all	0.0000
iprec_at_recall_0.50  	all	0.0000
iprec_at_recall_0.60  	all	0.0000
iprec_at_recall_0.70  	all	0.0000
iprec_at_recall_0.80  	all	0.0000
iprec_at_recall_0.90  	all	0.0000
iprec_at_recall_1.00  	all	0.0000
P_5                   	all	0.2000
P_10                  	all	0.1000
P_15                  	all	0.1333
P_20                  	all	0.2500
P_30                  	all	0.2333
P_100                 	all	0.1400
P_200                 	all	0.0700
P_500                 	all	0.0280
P_1000                	all	0.0140
recall_5              	all	0.0270
recall_10             	all	0.0270
recall_15             	all	0.0541
recall_20             	all	0.1351
recall_30             	all	0.1892
recall_100            	all	0.3784
recall_200            	all	0.3784
recall_500            	all	0.3784
recall_1000           	all	0.3784
infAP                 	all	0.1044
gm_bpref              	all	0.1402
Rprec_mult_0.20       	all	0.1250
Rprec_mult_0.40       	all	0.1333
Rprec_mult_0.60       	all	0.3043
Rprec_mult_0.80       	all	0.2333
Rprec_mult_1.00       	all	0.2162
Rprec_mult_1.20       	all	0.2000
Rprec_mult_1.40       	all	0.2115
Rprec_mult_1.60       	all	0.2000
Rprec_mult_1.80       	all	0.1791
Rprec_mult_2.00       	all	0.1892
utility               	all	-72.0000
11pt_avg              	all	0.1584
binG                  	all	0.1028
G                     	all	0.0892
ndcg                  	all	0.3052
ndcg_rel              	all	0.2841
Rndcg                 	all	0.2333
ndcg_cut_5            	all	0.1815
ndcg_cut_10           	all	0.1407
ndcg_cut_15           	all	0.1508
ndcg_cut_20           	all	0.2064
ndcg_cut_30           	all	0.2065
ndcg_cut_100          	all	0.3052
ndcg_cut_200          	all	0.3052
ndcg_cut_500          	all	0.3052
ndcg_cut_1000         	all	0.3052
map_cut_5             	all	0.0270
map_cut_10            	all	0.0270
map_cut_15            	all	0.0315
map_cut_20            	all	0.0497
map_cut_30            	all	0.0653
map_cut_100           	all	0.1044
map_cut_200           	all	0.1044
map_cut_500           	all	0.1044
map_cut_1000          	all	0.1044
relative_P_5          	all	0.2000
relative_P_10         	all	0.1000
relative_P_15         	all	0.1333
relative_P_20         	all	0.2500
relative_P_30         	all	0.2333
relative_P_100        	all	0.3784
relative_P_200        	all	0.3784
relative_P_500        	all	0.3784
relative_P_1000       	all	0.3784
success_1             	all	1.0000
success_5             	all	1.0000
success_10            	all	1.0000
set_P                 	all	0.1400
set_relative_P        	all	0.3784
set_recall            	all	0.3784
set_map               	all	0.0530
set_F                 	all	0.2044
num_nonrel_judged_ret 	all	86
