runid                 	all	Exp
num_q                 	all	1
num_ret               	all	100
num_rel               	all	50
num_rel_ret           	all	15
map                   	all	0.1860
gm_map                	all	0.1860
Rprec                 	all	0.2600
bpref                 	all	0.2224
recip_rank            	all	1.0000
iprec_at_recall_0.00  	all	1.0000
iprec_at_recall_0.10  	all	0.7500
iprec_at_recall_0.20  	all	0.6667
iprec_at_recall_0.30  	all	0.1705
iprec_at_recall_0.40  	all	0.0000
iprec_at_recall_0.50  	all	0.0000
iprec_at_recall_0.60  	all	0.0000
iprec_at_recall_0.70  	all	0.0000
iprec_at_recall_0.80  	all	0.0000
iprec_at_recall_0.90  	all	0.0000
iprec_at_recall_1.00  	all	0.0000
P_5                   	all	0.8000
P_10                  	all	0.6000
P_15                  	all	0.6667
P_20                  	all	0.5000
P_30                  	all	0.3667
P_100                 	all	0.1500
P_200                 	all	0.0750
P_500                 	all	0.0300
P_1000                	all	0.0150
recall_5              	all	0.0800
recall_10             	all	0.1200
recall_15             	all	0.2000
recall_20             	all	0.2000
recall_30             	all	0.2200
recall_100            	all	0.3000
recall_200            	all	0.3000
recall_500            	all	0.3000
recall_1000           	all	0.3000
infAP                 	all	0.1860
gm_bpref              	all	0.2224
Rprec_mult_0.20       	all	0.6000
Rprec_mult_0.40       	all	0.5000
Rprec_mult_0.60       	all	0.3667
Rprec_mult_0.80       	all	0.3000
Rprec_mult_1.00       	all	0.2600
Rprec_mult_1.20       	all	0.2167
Rprec_mult_1.40       	all	0.1857
Rprec_mult_1.60       	all	0.1750
Rprec_mult_1.80       	all	0.1667
Rprec_mult_2.00       	all	0.1500
utility               	all	-70.0000
11pt_avg              	all	0.2352
binG                  	all	0.1424
G                     	all	0.1424
ndcg                  	all	0.3971
ndcg_rel              	all	0.4877
Rndcg                 	all	0.3849
ndcg_cut_5            	all	0.8539
ndcg_cut_10           	all	0.6969
ndcg_cut_15           	all	0.7214
ndcg_cut_20           	all	0.6006
ndcg_cut_30           	all	0.4836
ndcg_cut_100          	all	0.3971
ndcg_cut_200          	all	0.3971
ndcg_cut_500          	all	0.3971
ndcg_cut_1000         	all	0.3971
map_cut_5             	all	0.0760
map_cut_10            	all	0.1053
map_cut_15            	all	0.1585
map_cut_20            	all	0.1585
map_cut_30            	all	0.1659
map_cut_100           	all	0.1860
map_cut_200           	all	0.1860
map_cut_500           	all	0.1860
map_cut_1000          	all	0.1860
relative_P_5          	all	0.8000
relative_P_10         	all	0.6000
relative_P_15         	all	0.6667
relative_P_20         	all	0.5000
relative_P_30         	all	0.3667
relative_P_100        	all	0.3000
relative_P_200        	all	0.3000
relative_P_500        	all	0.3000
relative_P_1000       	all	0.3000
success_1             	all	1.0000
success_5             	all	1.0000
success_10            	all	1.0000
set_P                 	all	0.1500
set_relative_P        	all	0.3000
set_recall            	all	0.3000
set_map               	all	0.0450
set_F                 	all	0.2000
num_nonrel_judged_ret 	all	85
