runid                 	all	Exp
num_q                 	all	1
num_ret               	all	100
num_rel               	all	155
num_rel_ret           	all	59
map                   	all	0.2839
gm_map                	all	0.2839
Rprec                 	all	0.3806
bpref                 	all	0.3381
recip_rank            	all	1.0000
iprec_at_recall_0.00  	all	1.0000
iprec_at_recall_0.10  	all	0.9394
iprec_at_recall_0.20  	all	0.9394
iprec_at_recall_0.30  	all	0.5900
iprec_at_recall_0.40  	all	0.0000
iprec_at_recall_0.50  	all	0.0000
iprec_at_recall_0.60  	all	0.0000
iprec_at_recall_0.70  	all	0.0000
iprec_at_recall_0.80  	all	0.0000
iprec_at_recall_0.90  	all	0.0000
iprec_at_recall_1.00  	all	0.0000
P_5                   	all	0.8000
P_10                  	all	0.8000
P_15                  	all	0.8667
P_20                  	all	0.9000
P_30                  	all	0.9333
P_100                 	all	0.5900
P_200                 	all	0.2950
P_500                 	all	0.1180
P_1000                	all	0.0590
recall_5              	all	0.0258
recall_10             	all	0.0516
recall_15             	all	0.0839
recall_20             	all	0.1161
recall_30             	all	0.1806
recall_100            	all	0.3806
recall_200            	all	0.3806
recall_500            	all	0.3806
recall_1000           	all	0.3806
infAP                 	all	0.2839
gm_bpref              	all	0.3381
Rprec_mult_0.20       	all	0.9355
Rprec_mult_0.40       	all	0.5968
Rprec_mult_0.60       	all	0.5699
Rprec_mult_0.80       	all	0.4758
Rprec_mult_1.00       	all	0.3806
Rprec_mult_1.20       	all	0.3172
Rprec_mult_1.40       	all	0.2719
Rprec_mult_1.60       	all	0.2379
Rprec_mult_1.80       	all	0.2115
Rprec_mult_2.00       	all	0.1903
utility               	all	18.0000
11pt_avg              	all	0.3153
binG                  	all	0.1499
G                     	all	0.1223
ndcg                  	all	0.4712
ndcg_rel              	all	0.5823
Rndcg                 	all	0.4852
ndcg_cut_5            	all	0.8688
ndcg_cut_10           	all	0.8415
ndcg_cut_15           	all	0.8771
ndcg_cut_20           	all	0.8813
ndcg_cut_30           	all	0.8967
ndcg_cut_100          	all	0.6136
ndcg_cut_200          	all	0.4712
ndcg_cut_500          	all	0.4712
ndcg_cut_1000         	all	0.4712
map_cut_5             	all	0.0258
map_cut_10            	all	0.0462
map_cut_15            	all	0.0734
map_cut_20            	all	0.1021
map_cut_30            	all	0.1615
map_cut_100           	all	0.2839
map_cut_200           	all	0.2839
map_cut_500           	all	0.2839
map_cut_1000          	all	0.2839
relative_P_5          	all	0.8000
relative_P_10         	all	0.8000
relative_P_15         	all	0.8667
relative_P_20         	all	0.9000
relative_P_30         	all	0.9333
relative_P_100        	all	0.5900
relative_P_200        	all	0.3806
relative_P_500        	all	0.3806
relative_P_1000       	all	0.3806
success_1             	all	1.0000
success_5             	all	1.0000
success_10            	all	1.0000
set_P                 	all	0.5900
set_relative_P        	all	0.5900
set_recall            	all	0.3806
set_map               	all	0.2246
set_F                 	all	0.4627
num_nonrel_judged_ret 	all	41
