runid                 	all	Exp
num_q                 	all	1
num_ret               	all	100
num_rel               	all	50
num_rel_ret           	all	21
map                   	all	0.2638
gm_map                	all	0.2638
Rprec                 	all	0.3600
bpref                 	all	0.3116
recip_rank            	all	1.0000
iprec_at_recall_0.00  	all	1.0000
iprec_at_recall_0.10  	all	0.8182
iprec_at_recall_0.20  	all	0.7143
iprec_at_recall_0.30  	all	0.4839
iprec_at_recall_0.40  	all	0.3846
iprec_at_recall_0.50  	all	0.0000
iprec_at_recall_0.60  	all	0.0000
iprec_at_recall_0.70  	all	0.0000
iprec_at_recall_0.80  	all	0.0000
iprec_at_recall_0.90  	all	0.0000
iprec_at_recall_1.00  	all	0.0000
P_5                   	all	0.8000
P_10                  	all	0.8000
P_15                  	all	0.6667
P_20                  	all	0.5000
P_30                  	all	0.4667
P_100                 	all	0.2100
P_200                 	all	0.1050
P_500                 	all	0.0420
P_1000                	all	0.0210
recall_5              	all	0.0800
recall_10             	all	0.1600
recall_15             	all	0.2000
recall_20             	all	0.2000
recall_30             	all	0.2800
recall_100            	all	0.4200
recall_200            	all	0.4200
recall_500            	all	0.4200
recall_1000           	all	0.4200
infAP                 	all	0.2638
gm_bpref              	all	0.3116
Rprec_mult_0.20       	all	0.8000
Rprec_mult_0.40       	all	0.5000
Rprec_mult_0.60       	all	0.4667
Rprec_mult_0.80       	all	0.4000
Rprec_mult_1.00       	all	0.3600
Rprec_mult_1.20       	all	0.3333
Rprec_mult_1.40       	all	0.2857
Rprec_mult_1.60       	all	0.2500
Rprec_mult_1.80       	all	0.2222
Rprec_mult_2.00       	all	0.2100
utility               	all	-58.0000
11pt_avg              	all	0.3092
binG                  	all	0.1866
G                     	all	0.1866
ndcg                  	all	0.4989
ndcg_rel              	all	0.5851
Rndcg                 	all	0.4795
ndcg_cut_5            	all	0.8688
ndcg_cut_10           	all	0.8365
ndcg_cut_15           	all	0.7397
ndcg_cut_20           	all	0.6158
ndcg_cut_30           	all	0.5652
ndcg_cut_100          	all	0.4989
ndcg_cut_200          	all	0.4989
ndcg_cut_500          	all	0.4989
ndcg_cut_1000         	all	0.4989
map_cut_5             	all	0.0800
map_cut_10            	all	0.1408
map_cut_15            	all	0.1715
map_cut_20            	all	0.1715
map_cut_30            	all	0.2099
map_cut_100           	all	0.2638
map_cut_200           	all	0.2638
map_cut_500           	all	0.2638
map_cut_1000          	all	0.2638
relative_P_5          	all	0.8000
relative_P_10         	all	0.8000
relative_P_15         	all	0.6667
relative_P_20         	all	0.5000
relative_P_30         	all	0.4667
relative_P_100        	all	0.4200
relative_P_200        	all	0.4200
relative_P_500        	all	0.4200
relative_P_1000       	all	0.4200
success_1             	all	1.0000
success_5             	all	1.0000
success_10            	all	1.0000
set_P                 	all	0.2100
set_relative_P        	all	0.4200
set_recall            	all	0.4200
set_map               	all	0.0882
set_F                 	all	0.2800
num_nonrel_judged_ret 	all	72
