runid                 	all	Exp
num_q                 	all	1
num_ret               	all	100
num_rel               	all	76
num_rel_ret           	all	2
map                   	all	0.0011
gm_map                	all	0.0011
Rprec                 	all	0.0263
bpref                 	all	0.0151
recip_rank            	all	0.0312
iprec_at_recall_0.00  	all	0.0556
iprec_at_recall_0.10  	all	0.0000
iprec_at_recall_0.20  	all	0.0000
iprec_at_recall_0.30  	all	0.0000
iprec_at_recall_0.40  	all	0.0000
iprec_at_recall_0.50  	all	0.0000
iprec_at_recall_0.60  	all	0.0000
iprec_at_recall_0.70  	all	0.0000
iprec_at_recall_0.80  	all	0.0000
iprec_at_recall_0.90  	all	0.0000
iprec_at_recall_1.00  	all	0.0000
P_5                   	all	0.0000
P_10                  	all	0.0000
P_15                  	all	0.0000
P_20                  	all	0.0000
P_30                  	all	0.0000
P_100                 	all	0.0200
P_200                 	all	0.0100
P_500                 	all	0.0040
P_1000                	all	0.0020
recall_5              	all	0.0000
recall_10             	all	0.0000
recall_15             	all	0.0000
recall_20             	all	0.0000
recall_30             	all	0.0000
recall_100            	all	0.0263
recall_200            	all	0.0263
recall_500            	all	0.0263
recall_1000           	all	0.0263
infAP                 	all	0.0011
gm_bpref              	all	0.0151
Rprec_mult_0.20       	all	0.0000
Rprec_mult_0.40       	all	0.0000
Rprec_mult_0.60       	all	0.0435
Rprec_mult_0.80       	all	0.0328
Rprec_mult_1.00       	all	0.0263
Rprec_mult_1.20       	all	0.0217
Rprec_mult_1.40       	all	0.0187
Rprec_mult_1.60       	all	0.0164
Rprec_mult_1.80       	all	0.0146
Rprec_mult_2.00       	all	0.0132
utility               	all	-96.0000
11pt_avg              	all	0.0051
binG                  	all	0.0052
G                     	all	0.0068
ndcg                  	all	0.0282
ndcg_rel              	all	0.0284
Rndcg                 	all	0.0188
ndcg_cut_5            	all	0.0000
ndcg_cut_10           	all	0.0000
ndcg_cut_15           	all	0.0000
ndcg_cut_20           	all	0.0000
ndcg_cut_30           	all	0.0000
ndcg_cut_100          	all	0.0282
ndcg_cut_200          	all	0.0282
ndcg_cut_500          	all	0.0282
ndcg_cut_1000         	all	0.0282
map_cut_5             	all	0.0000
map_cut_10            	all	0.0000
map_cut_15            	all	0.0000
map_cut_20            	all	0.0000
map_cut_30            	all	0.0000
map_cut_100           	all	0.0011
map_cut_200           	all	0.0011
map_cut_500           	all	0.0011
map_cut_1000          	all	0.0011
relative_P_5          	all	0.0000
relative_P_10         	all	0.0000
relative_P_15         	all	0.0000
relative_P_20         	all	0.0000
relative_P_30         	all	0.0000
relative_P_100        	all	0.0263
relative_P_200        	all	0.0263
relative_P_500        	all	0.0263
relative_P_1000       	all	0.0263
success_1             	all	0.0000
success_5             	all	0.0000
success_10            	all	0.0000
set_P                 	all	0.0200
set_relative_P        	all	0.0263
set_recall            	all	0.0263
set_map               	all	0.0005
set_F                 	all	0.0227
num_nonrel_judged_ret 	all	97
