runid                 	all	Exp
num_q                 	all	1
num_ret               	all	100
num_rel               	all	37
num_rel_ret           	all	17
map                   	all	0.2593
gm_map                	all	0.2593
Rprec                 	all	0.3243
bpref                 	all	0.3068
recip_rank            	all	1.0000
iprec_at_recall_0.00  	all	1.0000
iprec_at_recall_0.10  	all	0.8333
iprec_at_recall_0.20  	all	0.6471
iprec_at_recall_0.30  	all	0.3529
iprec_at_recall_0.40  	all	0.3125
iprec_at_recall_0.50  	all	0.0000
iprec_at_recall_0.60  	all	0.0000
iprec_at_recall_0.70  	all	0.0000
iprec_at_recall_0.80  	all	0.0000
iprec_at_recall_0.90  	all	0.0000
iprec_at_recall_1.00  	all	0.0000
P_5                   	all	0.8000
P_10                  	all	0.7000
P_15                  	all	0.6000
P_20                  	all	0.5500
P_30                  	all	0.3667
P_100                 	all	0.1700
P_200                 	all	0.0850
P_500                 	all	0.0340
P_1000                	all	0.0170
recall_5              	all	0.1081
recall_10             	all	0.1892
recall_15             	all	0.2432
recall_20             	all	0.2973
recall_30             	all	0.2973
recall_100            	all	0.4595
recall_200            	all	0.4595
recall_500            	all	0.4595
recall_1000           	all	0.4595
infAP                 	all	0.2593
gm_bpref              	all	0.3068
Rprec_mult_0.20       	all	0.6250
Rprec_mult_0.40       	all	0.6000
Rprec_mult_0.60       	all	0.4783
Rprec_mult_0.80       	all	0.3667
Rprec_mult_1.00       	all	0.3243
Rprec_mult_1.20       	all	0.3111
Rprec_mult_1.40       	all	0.2885
Rprec_mult_1.60       	all	0.2500
Rprec_mult_1.80       	all	0.2239
Rprec_mult_2.00       	all	0.2162
utility               	all	-66.0000
11pt_avg              	all	0.2860
binG                  	all	0.1860
G                     	all	0.1256
ndcg                  	all	0.4198
ndcg_rel              	all	0.4203
Rndcg                 	all	0.3790
ndcg_cut_5            	all	0.4206
ndcg_cut_10           	all	0.4594
ndcg_cut_15           	all	0.4484
ndcg_cut_20           	all	0.4438
ndcg_cut_30           	all	0.3635
ndcg_cut_100          	all	0.4198
ndcg_cut_200          	all	0.4198
ndcg_cut_500          	all	0.4198
ndcg_cut_1000         	all	0.4198
map_cut_5             	all	0.0869
map_cut_10            	all	0.1464
map_cut_15            	all	0.1792
map_cut_20            	all	0.2136
map_cut_30            	all	0.2136
map_cut_100           	all	0.2593
map_cut_200           	all	0.2593
map_cut_500           	all	0.2593
map_cut_1000          	all	0.2593
relative_P_5          	all	0.8000
relative_P_10         	all	0.7000
relative_P_15         	all	0.6000
relative_P_20         	all	0.5500
relative_P_30         	all	0.3667
relative_P_100        	all	0.4595
relative_P_200        	all	0.4595
relative_P_500        	all	0.4595
relative_P_1000       	all	0.4595
success_1             	all	1.0000
success_5             	all	1.0000
success_10            	all	1.0000
set_P                 	all	0.1700
set_relative_P        	all	0.4595
set_recall            	all	0.4595
set_map               	all	0.0781
set_F                 	all	0.2482
num_nonrel_judged_ret 	all	74
