runid                 	all	Exp
num_q                 	all	1
num_ret               	all	100
num_rel               	all	95
num_rel_ret           	all	31
map                   	all	0.2817
gm_map                	all	0.2817
Rprec                 	all	0.3053
bpref                 	all	0.3012
recip_rank            	all	1.0000
iprec_at_recall_0.00  	all	1.0000
iprec_at_recall_0.10  	all	1.0000
iprec_at_recall_0.20  	all	0.8846
iprec_at_recall_0.30  	all	0.4677
iprec_at_recall_0.40  	all	0.0000
iprec_at_recall_0.50  	all	0.0000
iprec_at_recall_0.60  	all	0.0000
iprec_at_recall_0.70  	all	0.0000
iprec_at_recall_0.80  	all	0.0000
iprec_at_recall_0.90  	all	0.0000
iprec_at_recall_1.00  	all	0.0000
P_5                   	all	1.0000
P_10                  	all	1.0000
P_15                  	all	0.9333
P_20                  	all	0.8500
P_30                  	all	0.8333
P_100                 	all	0.3100
P_200                 	all	0.1550
P_500                 	all	0.0620
P_1000                	all	0.0310
recall_5              	all	0.0526
recall_10             	all	0.1053
recall_15             	all	0.1474
recall_20             	all	0.1789
recall_30             	all	0.2632
recall_100            	all	0.3263
recall_200            	all	0.3263
recall_500            	all	0.3263
recall_1000           	all	0.3263
infAP                 	all	0.2817
gm_bpref              	all	0.3012
Rprec_mult_0.20       	all	0.8947
Rprec_mult_0.40       	all	0.6842
Rprec_mult_0.60       	all	0.4912
Rprec_mult_0.80       	all	0.3816
Rprec_mult_1.00       	all	0.3053
Rprec_mult_1.20       	all	0.2719
Rprec_mult_1.40       	all	0.2331
Rprec_mult_1.60       	all	0.2039
Rprec_mult_1.80       	all	0.1813
Rprec_mult_2.00       	all	0.1632
utility               	all	-38.0000
11pt_avg              	all	0.3048
binG                  	all	0.2159
G                     	all	0.2116
ndcg                  	all	0.4631
ndcg_rel              	all	0.6038
Rndcg                 	all	0.4595
ndcg_cut_5            	all	1.0000
ndcg_cut_10           	all	1.0000
ndcg_cut_15           	all	0.9573
ndcg_cut_20           	all	0.8993
ndcg_cut_30           	all	0.8663
ndcg_cut_100          	all	0.4631
ndcg_cut_200          	all	0.4631
ndcg_cut_500          	all	0.4631
ndcg_cut_1000         	all	0.4631
map_cut_5             	all	0.0526
map_cut_10            	all	0.1053
map_cut_15            	all	0.1474
map_cut_20            	all	0.1771
map_cut_30            	all	0.2502
map_cut_100           	all	0.2817
map_cut_200           	all	0.2817
map_cut_500           	all	0.2817
map_cut_1000          	all	0.2817
relative_P_5          	all	1.0000
relative_P_10         	all	1.0000
relative_P_15         	all	0.9333
relative_P_20         	all	0.8500
relative_P_30         	all	0.8333
relative_P_100        	all	0.3263
relative_P_200        	all	0.3263
relative_P_500        	all	0.3263
relative_P_1000       	all	0.3263
success_1             	all	1.0000
success_5             	all	1.0000
success_10            	all	1.0000
set_P                 	all	0.3100
set_relative_P        	all	0.3263
set_recall            	all	0.3263
set_map               	all	0.1012
set_F                 	all	0.3179
num_nonrel_judged_ret 	all	62
