runid                 	all	Exp
num_q                 	all	1
num_ret               	all	100
num_rel               	all	95
num_rel_ret           	all	31
map                   	all	0.2206
gm_map                	all	0.2206
Rprec                 	all	0.3263
bpref                 	all	0.2998
recip_rank            	all	1.0000
iprec_at_recall_0.00  	all	1.0000
iprec_at_recall_0.10  	all	0.8333
iprec_at_recall_0.20  	all	0.5769
iprec_at_recall_0.30  	all	0.5769
iprec_at_recall_0.40  	all	0.0000
iprec_at_recall_0.50  	all	0.0000
iprec_at_recall_0.60  	all	0.0000
iprec_at_recall_0.70  	all	0.0000
iprec_at_recall_0.80  	all	0.0000
iprec_at_recall_0.90  	all	0.0000
iprec_at_recall_1.00  	all	0.0000
P_5                   	all	1.0000
P_10                  	all	0.9000
P_15                  	all	0.7333
P_20                  	all	0.6000
P_30                  	all	0.4667
P_100                 	all	0.3100
P_200                 	all	0.1550
P_500                 	all	0.0620
P_1000                	all	0.0310
recall_5              	all	0.0526
recall_10             	all	0.0947
recall_15             	all	0.1158
recall_20             	all	0.1263
recall_30             	all	0.1474
recall_100            	all	0.3263
recall_200            	all	0.3263
recall_500            	all	0.3263
recall_1000           	all	0.3263
infAP                 	all	0.2206
gm_bpref              	all	0.2998
Rprec_mult_0.20       	all	0.6316
Rprec_mult_0.40       	all	0.5000
Rprec_mult_0.60       	all	0.5439
Rprec_mult_0.80       	all	0.4079
Rprec_mult_1.00       	all	0.3263
Rprec_mult_1.20       	all	0.2719
Rprec_mult_1.40       	all	0.2331
Rprec_mult_1.60       	all	0.2039
Rprec_mult_1.80       	all	0.1813
Rprec_mult_2.00       	all	0.1632
utility               	all	-38.0000
11pt_avg              	all	0.2716
binG                  	all	0.1387
G                     	all	0.1254
ndcg                  	all	0.4326
ndcg_rel              	all	0.5275
Rndcg                 	all	0.4392
ndcg_cut_5            	all	1.0000
ndcg_cut_10           	all	0.8898
ndcg_cut_15           	all	0.7795
ndcg_cut_20           	all	0.6830
ndcg_cut_30           	all	0.5713
ndcg_cut_100          	all	0.4326
ndcg_cut_200          	all	0.4326
ndcg_cut_500          	all	0.4326
ndcg_cut_1000         	all	0.4326
map_cut_5             	all	0.0526
map_cut_10            	all	0.0897
map_cut_15            	all	0.1067
map_cut_20            	all	0.1142
map_cut_30            	all	0.1255
map_cut_100           	all	0.2206
map_cut_200           	all	0.2206
map_cut_500           	all	0.2206
map_cut_1000          	all	0.2206
relative_P_5          	all	1.0000
relative_P_10         	all	0.9000
relative_P_15         	all	0.7333
relative_P_20         	all	0.6000
relative_P_30         	all	0.4667
relative_P_100        	all	0.3263
relative_P_200        	all	0.3263
relative_P_500        	all	0.3263
relative_P_1000       	all	0.3263
success_1             	all	1.0000
success_5             	all	1.0000
success_10            	all	1.0000
set_P                 	all	0.3100
set_relative_P        	all	0.3263
set_recall            	all	0.3263
set_map               	all	0.1012
set_F                 	all	0.3179
num_nonrel_judged_ret 	all	62
