runid                 	all	Exp
num_q                 	all	1
num_ret               	all	100
num_rel               	all	86
num_rel_ret           	all	41
map                   	all	0.2217
gm_map                	all	0.2217
Rprec                 	all	0.4419
bpref                 	all	0.3565
recip_rank            	all	0.2000
iprec_at_recall_0.00  	all	0.5246
iprec_at_recall_0.10  	all	0.5246
iprec_at_recall_0.20  	all	0.5246
iprec_at_recall_0.30  	all	0.5246
iprec_at_recall_0.40  	all	0.5147
iprec_at_recall_0.50  	all	0.0000
iprec_at_recall_0.60  	all	0.0000
iprec_at_recall_0.70  	all	0.0000
iprec_at_recall_0.80  	all	0.0000
iprec_at_recall_0.90  	all	0.0000
iprec_at_recall_1.00  	all	0.0000
P_5                   	all	0.2000
P_10                  	all	0.3000
P_15                  	all	0.4000
P_20                  	all	0.5000
P_30                  	all	0.5000
P_100                 	all	0.4100
P_200                 	all	0.2050
P_500                 	all	0.0820
P_1000                	all	0.0410
recall_5              	all	0.0116
recall_10             	all	0.0349
recall_15             	all	0.0698
recall_20             	all	0.1163
recall_30             	all	0.1744
recall_100            	all	0.4767
recall_200            	all	0.4767
recall_500            	all	0.4767
recall_1000           	all	0.4767
infAP                 	all	0.2217
gm_bpref              	all	0.3565
Rprec_mult_0.20       	all	0.5000
Rprec_mult_0.40       	all	0.5143
Rprec_mult_0.60       	all	0.5000
Rprec_mult_0.80       	all	0.5072
Rprec_mult_1.00       	all	0.4419
Rprec_mult_1.20       	all	0.3942
Rprec_mult_1.40       	all	0.3388
Rprec_mult_1.60       	all	0.2971
Rprec_mult_1.80       	all	0.2645
Rprec_mult_2.00       	all	0.2384
utility               	all	-18.0000
11pt_avg              	all	0.2376
binG                  	all	0.1125
G                     	all	0.0977
ndcg                  	all	0.4395
ndcg_rel              	all	0.4045
Rndcg                 	all	0.4089
ndcg_cut_5            	all	0.1312
ndcg_cut_10           	all	0.2150
ndcg_cut_15           	all	0.3030
ndcg_cut_20           	all	0.3702
ndcg_cut_30           	all	0.3870
ndcg_cut_100          	all	0.4395
ndcg_cut_200          	all	0.4395
ndcg_cut_500          	all	0.4395
ndcg_cut_1000         	all	0.4395
map_cut_5             	all	0.0023
map_cut_10            	all	0.0084
map_cut_15            	all	0.0221
map_cut_20            	all	0.0443
map_cut_30            	all	0.0726
map_cut_100           	all	0.2217
map_cut_200           	all	0.2217
map_cut_500           	all	0.2217
map_cut_1000          	all	0.2217
relative_P_5          	all	0.2000
relative_P_10         	all	0.3000
relative_P_15         	all	0.4000
relative_P_20         	all	0.5000
relative_P_30         	all	0.5000
relative_P_100        	all	0.4767
relative_P_200        	all	0.4767
relative_P_500        	all	0.4767
relative_P_1000       	all	0.4767
success_1             	all	0.0000
success_5             	all	1.0000
success_10            	all	1.0000
set_P                 	all	0.4100
set_relative_P        	all	0.4767
set_recall            	all	0.4767
set_map               	all	0.1955
set_F                 	all	0.4409
num_nonrel_judged_ret 	all	57
