runid                 	all	Exp
num_q                 	all	1
num_ret               	all	100
num_rel               	all	86
num_rel_ret           	all	48
map                   	all	0.3245
gm_map                	all	0.3245
Rprec                 	all	0.5581
bpref                 	all	0.4563
recip_rank            	all	0.2500
iprec_at_recall_0.00  	all	0.6667
iprec_at_recall_0.10  	all	0.6667
iprec_at_recall_0.20  	all	0.6667
iprec_at_recall_0.30  	all	0.6667
iprec_at_recall_0.40  	all	0.6500
iprec_at_recall_0.50  	all	0.6056
iprec_at_recall_0.60  	all	0.0000
iprec_at_recall_0.70  	all	0.0000
iprec_at_recall_0.80  	all	0.0000
iprec_at_recall_0.90  	all	0.0000
iprec_at_recall_1.00  	all	0.0000
P_5                   	all	0.2000
P_10                  	all	0.6000
P_15                  	all	0.4667
P_20                  	all	0.5000
P_30                  	all	0.5333
P_100                 	all	0.4800
P_200                 	all	0.2400
P_500                 	all	0.0960
P_1000                	all	0.0480
recall_5              	all	0.0116
recall_10             	all	0.0698
recall_15             	all	0.0814
recall_20             	all	0.1163
recall_30             	all	0.1860
recall_100            	all	0.5581
recall_200            	all	0.5581
recall_500            	all	0.5581
recall_1000           	all	0.5581
infAP                 	all	0.3245
gm_bpref              	all	0.4563
Rprec_mult_0.20       	all	0.5000
Rprec_mult_0.40       	all	0.6000
Rprec_mult_0.60       	all	0.6538
Rprec_mult_0.80       	all	0.6087
Rprec_mult_1.00       	all	0.5581
Rprec_mult_1.20       	all	0.4615
Rprec_mult_1.40       	all	0.3967
Rprec_mult_1.60       	all	0.3478
Rprec_mult_1.80       	all	0.3097
Rprec_mult_2.00       	all	0.2791
utility               	all	-4.0000
11pt_avg              	all	0.3566
binG                  	all	0.1460
G                     	all	0.1367
ndcg                  	all	0.5754
ndcg_rel              	all	0.5273
Rndcg                 	all	0.5596
ndcg_cut_5            	all	0.1461
ndcg_cut_10           	all	0.4459
ndcg_cut_15           	all	0.3932
ndcg_cut_20           	all	0.4279
ndcg_cut_30           	all	0.4550
ndcg_cut_100          	all	0.5754
ndcg_cut_200          	all	0.5754
ndcg_cut_500          	all	0.5754
ndcg_cut_1000         	all	0.5754
map_cut_5             	all	0.0029
map_cut_10            	all	0.0310
map_cut_15            	all	0.0384
map_cut_20            	all	0.0559
map_cut_30            	all	0.0920
map_cut_100           	all	0.3245
map_cut_200           	all	0.3245
map_cut_500           	all	0.3245
map_cut_1000          	all	0.3245
relative_P_5          	all	0.2000
relative_P_10         	all	0.6000
relative_P_15         	all	0.4667
relative_P_20         	all	0.5000
relative_P_30         	all	0.5333
relative_P_100        	all	0.5581
relative_P_200        	all	0.5581
relative_P_500        	all	0.5581
relative_P_1000       	all	0.5581
success_1             	all	0.0000
success_5             	all	1.0000
success_10            	all	1.0000
set_P                 	all	0.4800
set_relative_P        	all	0.5581
set_recall            	all	0.5581
set_map               	all	0.2679
set_F                 	all	0.5161
num_nonrel_judged_ret 	all	52
