runid                 	all	Exp
num_q                 	all	1
num_ret               	all	100
num_rel               	all	183
num_rel_ret           	all	29
map                   	all	0.1193
gm_map                	all	0.1193
Rprec                 	all	0.1585
bpref                 	all	0.1473
recip_rank            	all	1.0000
iprec_at_recall_0.00  	all	1.0000
iprec_at_recall_0.10  	all	0.5938
iprec_at_recall_0.20  	all	0.0000
iprec_at_recall_0.30  	all	0.0000
iprec_at_recall_0.40  	all	0.0000
iprec_at_recall_0.50  	all	0.0000
iprec_at_recall_0.60  	all	0.0000
iprec_at_recall_0.70  	all	0.0000
iprec_at_recall_0.80  	all	0.0000
iprec_at_recall_0.90  	all	0.0000
iprec_at_recall_1.00  	all	0.0000
P_5                   	all	1.0000
P_10                  	all	1.0000
P_15                  	all	0.8667
P_20                  	all	0.8000
P_30                  	all	0.6000
P_100                 	all	0.2900
P_200                 	all	0.1450
P_500                 	all	0.0580
P_1000                	all	0.0290
recall_5              	all	0.0273
recall_10             	all	0.0546
recall_15             	all	0.0710
recall_20             	all	0.0874
recall_30             	all	0.0984
recall_100            	all	0.1585
recall_200            	all	0.1585
recall_500            	all	0.1585
recall_1000           	all	0.1585
infAP                 	all	0.1193
gm_bpref              	all	0.1473
Rprec_mult_0.20       	all	0.5676
Rprec_mult_0.40       	all	0.3514
Rprec_mult_0.60       	all	0.2636
Rprec_mult_0.80       	all	0.1973
Rprec_mult_1.00       	all	0.1585
Rprec_mult_1.20       	all	0.1318
Rprec_mult_1.40       	all	0.1128
Rprec_mult_1.60       	all	0.0990
Rprec_mult_1.80       	all	0.0879
Rprec_mult_2.00       	all	0.0792
utility               	all	-42.0000
11pt_avg              	all	0.1449
binG                  	all	0.0861
G                     	all	0.0453
ndcg                  	all	0.2300
ndcg_rel              	all	0.2886
Rndcg                 	all	0.2482
ndcg_cut_5            	all	0.6918
ndcg_cut_10           	all	0.7302
ndcg_cut_15           	all	0.6971
ndcg_cut_20           	all	0.6635
ndcg_cut_30           	all	0.5576
ndcg_cut_100          	all	0.3148
ndcg_cut_200          	all	0.2300
ndcg_cut_500          	all	0.2300
ndcg_cut_1000         	all	0.2300
map_cut_5             	all	0.0273
map_cut_10            	all	0.0546
map_cut_15            	all	0.0687
map_cut_20            	all	0.0819
map_cut_30            	all	0.0902
map_cut_100           	all	0.1193
map_cut_200           	all	0.1193
map_cut_500           	all	0.1193
map_cut_1000          	all	0.1193
relative_P_5          	all	1.0000
relative_P_10         	all	1.0000
relative_P_15         	all	0.8667
relative_P_20         	all	0.8000
relative_P_30         	all	0.6000
relative_P_100        	all	0.2900
relative_P_200        	all	0.1585
relative_P_500        	all	0.1585
relative_P_1000       	all	0.1585
success_1             	all	1.0000
success_5             	all	1.0000
success_10            	all	1.0000
set_P                 	all	0.2900
set_relative_P        	all	0.2900
set_recall            	all	0.1585
set_map               	all	0.0460
set_F                 	all	0.2049
num_nonrel_judged_ret 	all	71
